0 info it worked if it ends with ok
1 verbose cli [ 'C:\\Program Files\\nodejs\\node.exe',
1 verbose cli   'C:\\Program Files\\nodejs\\node_modules\\npm\\bin\\npm-cli.js',
1 verbose cli   'run',
1 verbose cli   'erase' ]
2 info using npm@3.10.10
3 info using node@v6.11.0
4 verbose run-script [ 'preerase', 'erase', 'posterase' ]
5 info lifecycle ia-comp-header@2.2.20~preerase: ia-comp-header@2.2.20
6 silly lifecycle ia-comp-header@2.2.20~preerase: no script for preerase, continuing
7 info lifecycle ia-comp-header@2.2.20~erase: ia-comp-header@2.2.20
8 verbose lifecycle ia-comp-header@2.2.20~erase: unsafe-perm in lifecycle true
9 verbose lifecycle ia-comp-header@2.2.20~erase: PATH: C:\Program Files\nodejs\node_modules\npm\bin\node-gyp-bin;D:\zemsania\git\component-factory\src\app\ia-comp-header\node_modules\.bin;D:\devtools\cmder\bin;C:\ProgramData\Oracle\Java\javapath;C:\Program Files (x86)\Intel\iCLS Client\;C:\Program Files\Intel\iCLS Client\;C:\Windows\system32;C:\Windows;C:\Windows\System32\Wbem;C:\Windows\System32\WindowsPowerShell\v1.0\;C:\Program Files\Intel\Intel(R) Management Engine Components\DAL;C:\Program Files (x86)\Intel\Intel(R) Management Engine Components\DAL;C:\Program Files\Intel\Intel(R) Management Engine Components\IPT;C:\Program Files (x86)\Intel\Intel(R) Management Engine Components\IPT;C:\Program Files (x86)\Skype\Phone\;C:\Program Files\Google\Google Apps Sync\;C:\Program Files\Google\Google Apps Migration\;D:\devtools\Git\cmd;C:\Ruby22-x64\bin;C:\Program Files\Microsoft SQL Server\120\Tools\Binn\;C:\Program Files\nodejs\;C:\Program Files\PuTTY\;C:\Program Files\MongoDB\Server\3.4\bin;D:\Users\lrodriguez\AppData\Local\atom\bin;D:\Users\lrodriguez\AppData\Roaming\npm;C:\Program Files\Microsoft VS Code\bin;D:\devtools\Git\usr\bin;D:\devtools\Git\usr\share\vim\vim74;D:\devtools\cmder\
10 verbose lifecycle ia-comp-header@2.2.20~erase: CWD: D:\zemsania\git\component-factory\src\app\ia-comp-header
11 silly lifecycle ia-comp-header@2.2.20~erase: Args: [ '/d /s /c', 'rimraf node_modules' ]
12 silly lifecycle ia-comp-header@2.2.20~erase: Returned: code: 1  signal: null
13 info lifecycle ia-comp-header@2.2.20~erase: Failed to exec erase script
14 verbose stack Error: ia-comp-header@2.2.20 erase: `rimraf node_modules`
14 verbose stack Exit status 1
14 verbose stack     at EventEmitter.<anonymous> (C:\Program Files\nodejs\node_modules\npm\lib\utils\lifecycle.js:255:16)
14 verbose stack     at emitTwo (events.js:106:13)
14 verbose stack     at EventEmitter.emit (events.js:191:7)
14 verbose stack     at ChildProcess.<anonymous> (C:\Program Files\nodejs\node_modules\npm\lib\utils\spawn.js:40:14)
14 verbose stack     at emitTwo (events.js:106:13)
14 verbose stack     at ChildProcess.emit (events.js:191:7)
14 verbose stack     at maybeClose (internal/child_process.js:891:16)
14 verbose stack     at Process.ChildProcess._handle.onexit (internal/child_process.js:226:5)
15 verbose pkgid ia-comp-header@2.2.20
16 verbose cwd D:\zemsania\git\component-factory\src\app\ia-comp-header
17 error Windows_NT 6.1.7601
18 error argv "C:\\Program Files\\nodejs\\node.exe" "C:\\Program Files\\nodejs\\node_modules\\npm\\bin\\npm-cli.js" "run" "erase"
19 error node v6.11.0
20 error npm  v3.10.10
21 error code ELIFECYCLE
22 error ia-comp-header@2.2.20 erase: `rimraf node_modules`
22 error Exit status 1
23 error Failed at the ia-comp-header@2.2.20 erase script 'rimraf node_modules'.
23 error Make sure you have the latest version of node.js and npm installed.
23 error If you do, this is most likely a problem with the ia-comp-header package,
23 error not with npm itself.
23 error Tell the author that this fails on your system:
23 error     rimraf node_modules
23 error You can get information on how to open an issue for this project with:
23 error     npm bugs ia-comp-header
23 error Or if that isn't available, you can get their info via:
23 error     npm owner ls ia-comp-header
23 error There is likely additional logging output above.
24 verbose exit [ 1, true ]
